#! /usr/bin/vvp
:ivl_version "0.9.7 " "(v0_9_7)";
:vpi_time_precision + 0;
:vpi_module "system";
:vpi_module "v2005_math";
:vpi_module "va_math";
S_0x8c3170 .scope module, "test" "test" 2 23;
 .timescale 0 0;
v0x8fc2c0_0 .var "clk", 0 0;
v0x8fc360_0 .net "read_d1", 31 0, L_0x8fbff0; 1 drivers
v0x8fc410_0 .net "read_d2", 31 0, L_0x8fcb60; 1 drivers
v0x8fc4c0_0 .var "read_reg1", 4 0;
v0x8fc5a0_0 .var "read_reg2", 4 0;
v0x8fc650_0 .var "reset", 0 0;
v0x8fc6d0_0 .var "we", 0 0;
v0x8fc780_0 .var "write_d", 31 0;
v0x8fc830_0 .var "write_reg", 4 0;
S_0x8e7c70 .scope module, "rrr" "register" 2 28, 2 1, S_0x8c3170;
 .timescale 0 0;
L_0x8fbff0 .functor BUFZ 32, L_0x8fc8e0, C4<00000000000000000000000000000000>, C4<00000000000000000000000000000000>, C4<00000000000000000000000000000000>;
L_0x8fcb60 .functor BUFZ 32, L_0x8fca70, C4<00000000000000000000000000000000>, C4<00000000000000000000000000000000>, C4<00000000000000000000000000000000>;
v0x8c3730_0 .net *"_s0", 31 0, L_0x8fc8e0; 1 drivers
v0x8fb9f0_0 .net *"_s4", 31 0, L_0x8fca70; 1 drivers
v0x8fba90_0 .net "clk", 0 0, v0x8fc2c0_0; 1 drivers
v0x8fbb30_0 .var/i "i", 31 0;
v0x8fbbe0 .array "r", 31 0, 31 0;
v0x8fbc60_0 .alias "read_d1", 31 0, v0x8fc360_0;
v0x8fbd40_0 .alias "read_d2", 31 0, v0x8fc410_0;
v0x8fbde0_0 .net "read_reg1", 4 0, v0x8fc4c0_0; 1 drivers
v0x8fbed0_0 .net "read_reg2", 4 0, v0x8fc5a0_0; 1 drivers
v0x8fbf70_0 .net "reset", 0 0, v0x8fc650_0; 1 drivers
v0x8fc070_0 .net "write_d", 31 0, v0x8fc780_0; 1 drivers
v0x8fc110_0 .net "write_enable", 0 0, v0x8fc6d0_0; 1 drivers
v0x8fc220_0 .net "write_reg", 4 0, v0x8fc830_0; 1 drivers
E_0x8c32b0 .event posedge, v0x8fba90_0;
L_0x8fc8e0 .array/port v0x8fbbe0, v0x8fc4c0_0;
L_0x8fca70 .array/port v0x8fbbe0, v0x8fc5a0_0;
    .scope S_0x8e7c70;
T_0 ;
    %wait E_0x8c32b0;
    %load/v 8, v0x8fbf70_0, 1;
    %jmp/0xz  T_0.0, 8;
    %set/v v0x8fbb30_0, 0, 32;
T_0.2 ;
    %load/v 8, v0x8fbb30_0, 32;
   %cmpi/s 8, 32, 32;
    %jmp/0xz T_0.3, 5;
    %ix/getv/s 3, v0x8fbb30_0;
    %jmp/1 t_0, 4;
    %ix/load 0, 32, 0; word width
    %ix/load 1, 0, 0; part off
    %assign/av v0x8fbbe0, 0, 0;
t_0 ;
    %ix/load 0, 1, 0;
    %load/vp0/s 8, v0x8fbb30_0, 32;
    %set/v v0x8fbb30_0, 8, 32;
    %jmp T_0.2;
T_0.3 ;
T_0.0 ;
    %load/v 8, v0x8fc110_0, 1;
    %jmp/0xz  T_0.4, 8;
    %load/v 8, v0x8fc070_0, 32;
    %ix/getv 3, v0x8fc220_0;
    %jmp/1 t_1, 4;
    %ix/load 0, 32, 0; word width
    %ix/load 1, 0, 0; part off
    %assign/av v0x8fbbe0, 0, 8;
t_1 ;
T_0.4 ;
    %jmp T_0;
    .thread T_0;
    .scope S_0x8c3170;
T_1 ;
    %delay 1, 0;
    %load/v 8, v0x8fc2c0_0, 1;
    %inv 8, 1;
    %set/v v0x8fc2c0_0, 8, 1;
    %jmp T_1;
    .thread T_1;
    .scope S_0x8c3170;
T_2 ;
    %vpi_call 2 31 "$monitor", "clk = %b : reset = %b\012rreg1 = %b : rreg2 = %b : d1 = %b : d2 = %b\012we = %b : wreg = %b : wd = %b\012", v0x8fc2c0_0, v0x8fc650_0, v0x8fc4c0_0, v0x8fc5a0_0, v0x8fc360_0, v0x8fc410_0, v0x8fc6d0_0, v0x8fc830_0, v0x8fc780_0;
    %set/v v0x8fc2c0_0, 1, 1;
    %set/v v0x8fc650_0, 1, 1;
    %movi 8, 5, 5;
    %set/v v0x8fc4c0_0, 8, 5;
    %movi 8, 6, 5;
    %set/v v0x8fc5a0_0, 8, 5;
    %set/v v0x8fc6d0_0, 0, 1;
    %delay 2, 0;
    %set/v v0x8fc650_0, 0, 1;
    %set/v v0x8fc6d0_0, 1, 1;
    %movi 8, 5, 5;
    %set/v v0x8fc830_0, 8, 5;
    %movi 8, 500, 32;
    %set/v v0x8fc780_0, 8, 32;
    %delay 2, 0;
    %vpi_call 2 36 "$finish";
    %end;
    .thread T_2;
# The file index is used to find the file name in the following table.
:file_names 3;
    "N/A";
    "<interactive>";
    "register.v";
